2017-09-08T11:46:02.402-0300 ***** SERVER RESTARTED *****
2017-09-08T11:46:02.404-0300 [initandlisten] MongoDB starting : pid=11437 port=7779 dbpath=/home/lucas/workspace/ArulaService/mongodb 64-bit host=lucas-270E5J-2570EJ
2017-09-08T11:46:02.404-0300 [initandlisten] db version v2.6.10
2017-09-08T11:46:02.404-0300 [initandlisten] git version: nogitversion
2017-09-08T11:46:02.404-0300 [initandlisten] OpenSSL version: OpenSSL 1.0.2g  1 Mar 2016
2017-09-08T11:46:02.404-0300 [initandlisten] build info: Linux lgw01-12 3.19.0-25-generic #26~14.04.1-Ubuntu SMP Fri Jul 24 21:16:20 UTC 2015 x86_64 BOOST_LIB_VERSION=1_58
2017-09-08T11:46:02.404-0300 [initandlisten] allocator: tcmalloc
2017-09-08T11:46:02.404-0300 [initandlisten] options: { net: { http: { RESTInterfaceEnabled: true, enabled: true }, port: 7779 }, storage: { dbPath: "/home/lucas/workspace/ArulaService/mongodb", directoryPerDB: true }, systemLog: { destination: "file", logAppend: true, path: "/home/lucas/workspace/ArulaService/mongodb/logs/mongo.log" } }
2017-09-08T11:46:02.520-0300 [initandlisten] journal dir=/home/lucas/workspace/ArulaService/mongodb/journal
2017-09-08T11:46:02.521-0300 [initandlisten] recover : no journal files present, no recovery needed
2017-09-08T11:46:05.484-0300 [initandlisten] preallocateIsFaster=true 35.56
2017-09-08T11:46:08.490-0300 [initandlisten] preallocateIsFaster=true 36.28
2017-09-08T11:46:12.717-0300 [initandlisten] preallocateIsFaster=true 37.8
2017-09-08T11:46:12.717-0300 [initandlisten] preallocateIsFaster check took 10.196 secs
2017-09-08T11:46:12.717-0300 [initandlisten] preallocating a journal file /home/lucas/workspace/ArulaService/mongodb/journal/prealloc.0
2017-09-08T11:46:27.095-0300 [initandlisten] preallocating a journal file /home/lucas/workspace/ArulaService/mongodb/journal/prealloc.1
2017-09-08T11:46:41.621-0300 [initandlisten] preallocating a journal file /home/lucas/workspace/ArulaService/mongodb/journal/prealloc.2
2017-09-08T11:46:44.032-0300 [initandlisten] 		File Preallocator Progress: 1069547520/1073741824	99%
2017-09-08T11:46:57.101-0300 [initandlisten] allocating new ns file /home/lucas/workspace/ArulaService/mongodb/local/local.ns, filling with zeroes...
2017-09-08T11:46:57.426-0300 [FileAllocator] allocating new datafile /home/lucas/workspace/ArulaService/mongodb/local/local.0, filling with zeroes...
2017-09-08T11:46:57.426-0300 [FileAllocator] creating directory /home/lucas/workspace/ArulaService/mongodb/local/_tmp
2017-09-08T11:46:57.549-0300 [FileAllocator] done allocating datafile /home/lucas/workspace/ArulaService/mongodb/local/local.0, size: 64MB,  took 0.076 secs
2017-09-08T11:46:57.550-0300 [initandlisten] build index on: local.startup_log properties: { v: 1, key: { _id: 1 }, name: "_id_", ns: "local.startup_log" }
2017-09-08T11:46:57.550-0300 [initandlisten] 	 added index to empty collection
2017-09-08T11:46:57.550-0300 [initandlisten] command local.$cmd command: create { create: "startup_log", size: 10485760, capped: true } ntoreturn:1 keyUpdates:0 numYields:0  reslen:37 449ms
2017-09-08T11:46:57.550-0300 [initandlisten] waiting for connections on port 7779
2017-09-08T11:46:57.550-0300 [websvr] admin web console waiting for connections on port 8779
2017-09-08T11:47:57.102-0300 [clientcursormon] mem (MB) res:44 virt:388
2017-09-08T11:47:57.102-0300 [clientcursormon]  mapped (incl journal view):160
2017-09-08T11:47:57.102-0300 [clientcursormon]  connections:0
2017-09-08T11:48:18.917-0300 [signalProcessingThread] got signal 2 (Interrupt), will terminate after current cmd ends
2017-09-08T11:48:18.917-0300 [signalProcessingThread] now exiting
2017-09-08T11:48:18.917-0300 [signalProcessingThread] dbexit: 
2017-09-08T11:48:18.917-0300 [signalProcessingThread] shutdown: going to close listening sockets...
2017-09-08T11:48:18.917-0300 [signalProcessingThread] closing listening socket: 8
2017-09-08T11:48:18.917-0300 [signalProcessingThread] closing listening socket: 9
2017-09-08T11:48:18.917-0300 [signalProcessingThread] closing listening socket: 10
2017-09-08T11:48:18.917-0300 [signalProcessingThread] removing socket file: /tmp/mongodb-7779.sock
2017-09-08T11:48:18.917-0300 [signalProcessingThread] shutdown: going to flush diaglog...
2017-09-08T11:48:18.917-0300 [signalProcessingThread] shutdown: going to close sockets...
2017-09-08T11:48:18.917-0300 [signalProcessingThread] shutdown: waiting for fs preallocator...
2017-09-08T11:48:18.917-0300 [signalProcessingThread] shutdown: lock for final commit...
2017-09-08T11:48:18.918-0300 [signalProcessingThread] shutdown: final commit...
2017-09-08T11:48:18.918-0300 [signalProcessingThread] shutdown: closing all files...
2017-09-08T11:48:18.918-0300 [signalProcessingThread] closeAllFiles() finished
2017-09-08T11:48:18.918-0300 [signalProcessingThread] journalCleanup...
2017-09-08T11:48:18.918-0300 [signalProcessingThread] removeJournalFiles
2017-09-08T11:48:18.995-0300 [signalProcessingThread] shutdown: removing fs lock...
2017-09-08T11:48:18.995-0300 [signalProcessingThread] dbexit: really exiting now
2017-09-08T11:48:47.877-0300 ***** SERVER RESTARTED *****
2017-09-08T11:48:47.879-0300 [initandlisten] MongoDB starting : pid=11743 port=7778 dbpath=/home/lucas/workspace/ArulaService/mongodb 64-bit host=lucas-270E5J-2570EJ
2017-09-08T11:48:47.879-0300 [initandlisten] db version v2.6.10
2017-09-08T11:48:47.879-0300 [initandlisten] git version: nogitversion
2017-09-08T11:48:47.879-0300 [initandlisten] OpenSSL version: OpenSSL 1.0.2g  1 Mar 2016
2017-09-08T11:48:47.879-0300 [initandlisten] build info: Linux lgw01-12 3.19.0-25-generic #26~14.04.1-Ubuntu SMP Fri Jul 24 21:16:20 UTC 2015 x86_64 BOOST_LIB_VERSION=1_58
2017-09-08T11:48:47.879-0300 [initandlisten] allocator: tcmalloc
2017-09-08T11:48:47.879-0300 [initandlisten] options: { net: { http: { RESTInterfaceEnabled: true, enabled: true }, port: 7778 }, storage: { dbPath: "/home/lucas/workspace/ArulaService/mongodb", directoryPerDB: true }, systemLog: { destination: "file", logAppend: true, path: "/home/lucas/workspace/ArulaService/mongodb/logs/mongo.log" } }
2017-09-08T11:48:47.970-0300 [initandlisten] journal dir=/home/lucas/workspace/ArulaService/mongodb/journal
2017-09-08T11:48:47.971-0300 [initandlisten] recover : no journal files present, no recovery needed
2017-09-08T11:48:48.075-0300 [initandlisten] waiting for connections on port 7778
2017-09-08T11:48:48.075-0300 [websvr] admin web console waiting for connections on port 8778
2017-09-08T11:48:56.726-0300 [initandlisten] connection accepted from 127.0.0.1:56966 #1 (1 connection now open)
2017-09-08T11:49:31.246-0300 [conn1] end connection 127.0.0.1:56966 (0 connections now open)
2017-09-08T11:49:48.076-0300 [clientcursormon] mem (MB) res:44 virt:396
2017-09-08T11:49:48.077-0300 [clientcursormon]  mapped (incl journal view):160
2017-09-08T11:49:48.077-0300 [clientcursormon]  connections:0
2017-09-08T11:50:03.115-0300 [signalProcessingThread] got signal 2 (Interrupt), will terminate after current cmd ends
2017-09-08T11:50:03.115-0300 [signalProcessingThread] now exiting
2017-09-08T11:50:03.115-0300 [signalProcessingThread] dbexit: 
2017-09-08T11:50:03.115-0300 [signalProcessingThread] shutdown: going to close listening sockets...
2017-09-08T11:50:03.115-0300 [signalProcessingThread] closing listening socket: 8
2017-09-08T11:50:03.115-0300 [signalProcessingThread] closing listening socket: 11
2017-09-08T11:50:03.115-0300 [signalProcessingThread] closing listening socket: 12
2017-09-08T11:50:03.115-0300 [signalProcessingThread] removing socket file: /tmp/mongodb-7778.sock
2017-09-08T11:50:03.115-0300 [signalProcessingThread] shutdown: going to flush diaglog...
2017-09-08T11:50:03.115-0300 [signalProcessingThread] shutdown: going to close sockets...
2017-09-08T11:50:03.115-0300 [signalProcessingThread] shutdown: waiting for fs preallocator...
2017-09-08T11:50:03.115-0300 [signalProcessingThread] shutdown: lock for final commit...
2017-09-08T11:50:03.115-0300 [signalProcessingThread] shutdown: final commit...
2017-09-08T11:50:03.116-0300 [signalProcessingThread] shutdown: closing all files...
2017-09-08T11:50:03.116-0300 [signalProcessingThread] closeAllFiles() finished
2017-09-08T11:50:03.116-0300 [signalProcessingThread] journalCleanup...
2017-09-08T11:50:03.116-0300 [signalProcessingThread] removeJournalFiles
2017-09-08T11:50:03.203-0300 [signalProcessingThread] shutdown: removing fs lock...
2017-09-08T11:50:03.203-0300 [signalProcessingThread] dbexit: really exiting now
2017-09-08T11:53:18.237-0300 ***** SERVER RESTARTED *****
2017-09-08T11:53:18.239-0300 [initandlisten] MongoDB starting : pid=12048 port=7778 dbpath=/home/lucas/workspace/ArulaService/mongodb 64-bit host=lucas-270E5J-2570EJ
2017-09-08T11:53:18.239-0300 [initandlisten] db version v2.6.10
2017-09-08T11:53:18.239-0300 [initandlisten] git version: nogitversion
2017-09-08T11:53:18.239-0300 [initandlisten] OpenSSL version: OpenSSL 1.0.2g  1 Mar 2016
2017-09-08T11:53:18.239-0300 [initandlisten] build info: Linux lgw01-12 3.19.0-25-generic #26~14.04.1-Ubuntu SMP Fri Jul 24 21:16:20 UTC 2015 x86_64 BOOST_LIB_VERSION=1_58
2017-09-08T11:53:18.239-0300 [initandlisten] allocator: tcmalloc
2017-09-08T11:53:18.239-0300 [initandlisten] options: { net: { http: { RESTInterfaceEnabled: true, enabled: true }, port: 7778 }, storage: { dbPath: "/home/lucas/workspace/ArulaService/mongodb", directoryPerDB: true }, systemLog: { destination: "file", logAppend: true, path: "/home/lucas/workspace/ArulaService/mongodb/logs/mongo.log" } }
2017-09-08T11:53:18.414-0300 [initandlisten] journal dir=/home/lucas/workspace/ArulaService/mongodb/journal
2017-09-08T11:53:18.414-0300 [initandlisten] recover : no journal files present, no recovery needed
2017-09-08T11:53:18.507-0300 [initandlisten] waiting for connections on port 7778
2017-09-08T11:53:18.507-0300 [websvr] admin web console waiting for connections on port 8778
2017-09-08T11:53:44.264-0300 [initandlisten] connection accepted from 127.0.0.1:57000 #1 (1 connection now open)
2017-09-08T11:54:18.508-0300 [clientcursormon] mem (MB) res:50 virt:396
2017-09-08T11:54:18.508-0300 [clientcursormon]  mapped (incl journal view):160
2017-09-08T11:54:18.508-0300 [clientcursormon]  connections:1
2017-09-08T11:59:18.519-0300 [clientcursormon] mem (MB) res:50 virt:397
2017-09-08T11:59:18.519-0300 [clientcursormon]  mapped (incl journal view):160
2017-09-08T11:59:18.519-0300 [clientcursormon]  connections:1
2017-09-08T12:02:15.701-0300 [conn1] allocating new ns file /home/lucas/workspace/ArulaService/mongodb/admin/admin.ns, filling with zeroes...
2017-09-08T12:02:16.031-0300 [FileAllocator] allocating new datafile /home/lucas/workspace/ArulaService/mongodb/admin/admin.0, filling with zeroes...
2017-09-08T12:02:16.031-0300 [FileAllocator] creating directory /home/lucas/workspace/ArulaService/mongodb/admin/_tmp
2017-09-08T12:02:16.076-0300 [FileAllocator] done allocating datafile /home/lucas/workspace/ArulaService/mongodb/admin/admin.0, size: 64MB,  took 0.022 secs
2017-09-08T12:02:16.077-0300 [conn1] build index on: admin.system.version properties: { v: 1, key: { _id: 1 }, name: "_id_", ns: "admin.system.version" }
2017-09-08T12:02:16.077-0300 [conn1] 	 added index to empty collection
2017-09-08T12:02:16.077-0300 [conn1] update admin.system.version query: { _id: "authSchema" } update: { $set: { currentVersion: 3 } } nMatched:1 nModified:0 upsert:1 keyUpdates:0 numYields:0  375ms
2017-09-08T12:02:16.077-0300 [conn1] command arula-test.$cmd command: createUser { createUser: "admin", pwd: "xxx", roles: [ "readwrite", "dbAdmin" ], digestPassword: false, writeConcern: { w: "majority", wtimeout: 30000.0 } } keyUpdates:0 numYields:0  reslen:94 393ms
2017-09-08T12:02:18.525-0300 [clientcursormon] mem (MB) res:48 virt:558
2017-09-08T12:02:18.525-0300 [clientcursormon]  mapped (incl journal view):320
2017-09-08T12:02:18.525-0300 [clientcursormon]  connections:1
2017-09-08T12:02:55.024-0300 [conn1] build index on: admin.system.users properties: { v: 1, key: { _id: 1 }, name: "_id_", ns: "admin.system.users" }
2017-09-08T12:02:55.024-0300 [conn1] 	 added index to empty collection
2017-09-08T12:02:55.024-0300 [conn1] build index on: admin.system.users properties: { v: 1, unique: true, key: { user: 1, db: 1 }, name: "user_1_db_1", ns: "admin.system.users" }
2017-09-08T12:02:55.024-0300 [conn1] 	 added index to empty collection
2017-09-08T12:07:18.536-0300 [clientcursormon] mem (MB) res:49 virt:558
2017-09-08T12:07:18.536-0300 [clientcursormon]  mapped (incl journal view):320
2017-09-08T12:07:18.536-0300 [clientcursormon]  connections:1
2017-09-08T12:12:18.552-0300 [clientcursormon] mem (MB) res:49 virt:558
2017-09-08T12:12:18.552-0300 [clientcursormon]  mapped (incl journal view):320
2017-09-08T12:12:18.552-0300 [clientcursormon]  connections:1
2017-09-08T12:17:18.564-0300 [clientcursormon] mem (MB) res:49 virt:558
2017-09-08T12:17:18.564-0300 [clientcursormon]  mapped (incl journal view):320
2017-09-08T12:17:18.564-0300 [clientcursormon]  connections:1
2017-09-08T12:22:18.576-0300 [clientcursormon] mem (MB) res:49 virt:558
2017-09-08T12:22:18.576-0300 [clientcursormon]  mapped (incl journal view):320
2017-09-08T12:22:18.576-0300 [clientcursormon]  connections:1
2017-09-08T12:27:18.589-0300 [clientcursormon] mem (MB) res:49 virt:558
2017-09-08T12:27:18.589-0300 [clientcursormon]  mapped (incl journal view):320
2017-09-08T12:27:18.589-0300 [clientcursormon]  connections:1
2017-09-08T12:32:18.600-0300 [clientcursormon] mem (MB) res:49 virt:558
2017-09-08T12:32:18.600-0300 [clientcursormon]  mapped (incl journal view):320
2017-09-08T12:32:18.600-0300 [clientcursormon]  connections:1
2017-09-08T12:37:18.612-0300 [clientcursormon] mem (MB) res:49 virt:558
2017-09-08T12:37:18.612-0300 [clientcursormon]  mapped (incl journal view):320
2017-09-08T12:37:18.612-0300 [clientcursormon]  connections:1
2017-09-08T12:42:18.625-0300 [clientcursormon] mem (MB) res:49 virt:558
2017-09-08T12:42:18.625-0300 [clientcursormon]  mapped (incl journal view):320
2017-09-08T12:42:18.625-0300 [clientcursormon]  connections:1
2017-09-08T12:47:18.639-0300 [clientcursormon] mem (MB) res:49 virt:558
2017-09-08T12:47:18.639-0300 [clientcursormon]  mapped (incl journal view):320
2017-09-08T12:47:18.639-0300 [clientcursormon]  connections:1
2017-09-08T12:52:18.653-0300 [clientcursormon] mem (MB) res:50 virt:558
2017-09-08T12:52:18.653-0300 [clientcursormon]  mapped (incl journal view):320
2017-09-08T12:52:18.653-0300 [clientcursormon]  connections:1
2017-09-08T12:57:18.666-0300 [clientcursormon] mem (MB) res:50 virt:558
2017-09-08T12:57:18.666-0300 [clientcursormon]  mapped (incl journal view):320
2017-09-08T12:57:18.666-0300 [clientcursormon]  connections:1
2017-09-08T13:02:18.679-0300 [clientcursormon] mem (MB) res:50 virt:558
2017-09-08T13:02:18.679-0300 [clientcursormon]  mapped (incl journal view):320
2017-09-08T13:02:18.679-0300 [clientcursormon]  connections:1
2017-09-08T13:07:18.692-0300 [clientcursormon] mem (MB) res:50 virt:558
2017-09-08T13:07:18.693-0300 [clientcursormon]  mapped (incl journal view):320
2017-09-08T13:07:18.693-0300 [clientcursormon]  connections:1
2017-09-08T13:12:18.705-0300 [clientcursormon] mem (MB) res:50 virt:558
2017-09-08T13:12:18.705-0300 [clientcursormon]  mapped (incl journal view):320
2017-09-08T13:12:18.705-0300 [clientcursormon]  connections:1
2017-09-08T13:17:18.716-0300 [clientcursormon] mem (MB) res:50 virt:558
2017-09-08T13:17:18.716-0300 [clientcursormon]  mapped (incl journal view):320
2017-09-08T13:17:18.716-0300 [clientcursormon]  connections:1
